<?xml version="1.0" encoding="UTF-8"?>
<!-- Generated by org.testng.reporters.JUnitReportReporter -->
<testsuite hostname="HARSHITA" failures="0" tests="6" name="testNG.TestTestNGAttributes" time="0.015" errors="0" timestamp="04 Aug 2018 20:48:49 GMT" skipped="1">
  <testcase classname="testNG.TestTestNGAttributes" name="e" time="0.001"/>
  <testcase classname="testNG.TestTestNGAttributes" name="d" time="0.010"/>
  <testcase classname="testNG.TestTestNGAttributes" name="m" time="0.001"/>
  <testcase classname="testNG.TestTestNGAttributes" name="f" time="0.002"/>
  <testcase classname="testNG.TestTestNGAttributes" name="o" time="0.001"/>
  <testcase classname="testNG.TestTestNGAttributes" name="h">
    <skipped/>
  </testcase> <!-- h -->
</testsuite> <!-- testNG.TestTestNGAttributes -->
