<?xml version="1.0" encoding="UTF-8"?>
<!-- Generated by org.testng.reporters.JUnitReportReporter -->
<testsuite hostname="HARSHITA" failures="0" tests="2" name="testNG.TestNGAssertions" time="1.060" errors="0" timestamp="10 Aug 2018 19:18:13 GMT" skipped="0">
  <testcase classname="testNG.TestNGAssertions" name="getTitle" time="1.059"/>
  <testcase classname="testNG.TestNGAssertions" name="testEquality" time="0.001"/>
</testsuite> <!-- testNG.TestNGAssertions -->
