<?xml version="1.0" encoding="UTF-8"?>
<!-- Generated by org.testng.reporters.JUnitReportReporter -->
<testsuite hostname="HARSHITA" failures="0" tests="1" name="testNG.TestGroupingNew" time="0.007" errors="0" timestamp="04 Aug 2018 21:46:15 GMT" skipped="0">
  <testcase classname="testNG.TestGroupingNew" name="f2" time="0.007"/>
</testsuite> <!-- testNG.TestGroupingNew -->
