<?xml version="1.0" encoding="UTF-8"?>
<!-- Generated by org.testng.reporters.JUnitReportReporter -->
<testsuite hostname="HARSHITA" failures="0" tests="2" name="testNG.TestAnnotations" time="0.011" errors="0" timestamp="04 Aug 2018 21:30:02 GMT" skipped="0">
  <testcase classname="testNG.TestAnnotations" name="f2" time="0.006"/>
  <testcase classname="testNG.TestAnnotations" name="f1" time="0.005"/>
</testsuite> <!-- testNG.TestAnnotations -->
