<?xml version="1.0" encoding="UTF-8"?>
<!-- Generated by org.testng.reporters.JUnitReportReporter -->
<testsuite hostname="HARSHITA" failures="0" tests="2" name="testNG.TestDependencyUsingFacebook" time="10.761" errors="0" timestamp="10 Aug 2018 19:18:13 GMT" skipped="0">
  <testcase classname="testNG.TestDependencyUsingFacebook" name="loginToFacebook" time="4.030"/>
  <testcase classname="testNG.TestDependencyUsingFacebook" name="openBrowser" time="6.731"/>
</testsuite> <!-- testNG.TestDependencyUsingFacebook -->
